<?xml version="1.0" encoding="UTF-8"?>
<testsuite xmlns:xsi="http://www.w3.org/2001/XMLSchema-instance" xsi:noNamespaceSchemaLocation="https://maven.apache.org/surefire/maven-surefire-plugin/xsd/surefire-test-report.xsd" name="com.blackwhissh.app.SortingAppTest" time="1.106" tests="25" errors="0" skipped="0" failures="0">
  <properties>
    <property name="java.specification.version" value="19"/>
    <property name="sun.cpu.isalist" value="amd64"/>
    <property name="sun.jnu.encoding" value="Cp1252"/>
    <property name="java.class.path" value="C:\Users\blackwhissh\Desktop\epam\sorting-app-project\target\test-classes;C:\Users\blackwhissh\Desktop\epam\sorting-app-project\target\classes;C:\Users\blackwhissh\.m2\repository\junit\junit\4.12\junit-4.12.jar;C:\Users\blackwhissh\.m2\repository\org\hamcrest\hamcrest-core\1.3\hamcrest-core-1.3.jar;C:\Users\blackwhissh\.m2\repository\org\junit\jupiter\junit-jupiter\5.9.2\junit-jupiter-5.9.2.jar;C:\Users\blackwhissh\.m2\repository\org\junit\jupiter\junit-jupiter-params\5.9.2\junit-jupiter-params-5.9.2.jar;C:\Users\blackwhissh\.m2\repository\org\junit\jupiter\junit-jupiter-engine\5.9.2\junit-jupiter-engine-5.9.2.jar;C:\Users\blackwhissh\.m2\repository\org\junit\platform\junit-platform-engine\1.9.2\junit-platform-engine-1.9.2.jar;C:\Users\blackwhissh\.m2\repository\org\junit\jupiter\junit-jupiter-api\5.9.3\junit-jupiter-api-5.9.3.jar;C:\Users\blackwhissh\.m2\repository\org\opentest4j\opentest4j\1.2.0\opentest4j-1.2.0.jar;C:\Users\blackwhissh\.m2\repository\org\junit\platform\junit-platform-commons\1.9.3\junit-platform-commons-1.9.3.jar;C:\Users\blackwhissh\.m2\repository\org\apiguardian\apiguardian-api\1.1.2\apiguardian-api-1.1.2.jar;C:\Users\blackwhissh\.m2\repository\org\apache\logging\log4j\log4j-core\2.20.0\log4j-core-2.20.0.jar;C:\Users\blackwhissh\.m2\repository\org\apache\logging\log4j\log4j-api\2.20.0\log4j-api-2.20.0.jar;C:\Users\blackwhissh\.m2\repository\org\apache\commons\commons-lang3\3.5\commons-lang3-3.5.jar;"/>
    <property name="java.vm.vendor" value="Oracle Corporation"/>
    <property name="sun.arch.data.model" value="64"/>
    <property name="user.variant" value=""/>
    <property name="java.vendor.url" value="https://java.oracle.com/"/>
    <property name="user.timezone" value="Asia/Tbilisi"/>
    <property name="os.name" value="Windows 10"/>
    <property name="java.vm.specification.version" value="19"/>
    <property name="sun.java.launcher" value="SUN_STANDARD"/>
    <property name="user.country" value="US"/>
    <property name="sun.boot.library.path" value="D:\jdk-19.0.2\bin"/>
    <property name="sun.java.command" value="C:\Users\BLACKW~1\AppData\Local\Temp\surefire13358077733167998752\surefirebooter6759558695061659034.jar C:\Users\blackwhissh\AppData\Local\Temp\surefire13358077733167998752 2023-06-09T15-30-49_292-jvmRun1 surefire14938697681136505627tmp surefire_05179403160171593158tmp"/>
    <property name="jdk.debug" value="release"/>
    <property name="surefire.test.class.path" value="C:\Users\blackwhissh\Desktop\epam\sorting-app-project\target\test-classes;C:\Users\blackwhissh\Desktop\epam\sorting-app-project\target\classes;C:\Users\blackwhissh\.m2\repository\junit\junit\4.12\junit-4.12.jar;C:\Users\blackwhissh\.m2\repository\org\hamcrest\hamcrest-core\1.3\hamcrest-core-1.3.jar;C:\Users\blackwhissh\.m2\repository\org\junit\jupiter\junit-jupiter\5.9.2\junit-jupiter-5.9.2.jar;C:\Users\blackwhissh\.m2\repository\org\junit\jupiter\junit-jupiter-params\5.9.2\junit-jupiter-params-5.9.2.jar;C:\Users\blackwhissh\.m2\repository\org\junit\jupiter\junit-jupiter-engine\5.9.2\junit-jupiter-engine-5.9.2.jar;C:\Users\blackwhissh\.m2\repository\org\junit\platform\junit-platform-engine\1.9.2\junit-platform-engine-1.9.2.jar;C:\Users\blackwhissh\.m2\repository\org\junit\jupiter\junit-jupiter-api\5.9.3\junit-jupiter-api-5.9.3.jar;C:\Users\blackwhissh\.m2\repository\org\opentest4j\opentest4j\1.2.0\opentest4j-1.2.0.jar;C:\Users\blackwhissh\.m2\repository\org\junit\platform\junit-platform-commons\1.9.3\junit-platform-commons-1.9.3.jar;C:\Users\blackwhissh\.m2\repository\org\apiguardian\apiguardian-api\1.1.2\apiguardian-api-1.1.2.jar;C:\Users\blackwhissh\.m2\repository\org\apache\logging\log4j\log4j-core\2.20.0\log4j-core-2.20.0.jar;C:\Users\blackwhissh\.m2\repository\org\apache\logging\log4j\log4j-api\2.20.0\log4j-api-2.20.0.jar;C:\Users\blackwhissh\.m2\repository\org\apache\commons\commons-lang3\3.5\commons-lang3-3.5.jar;"/>
    <property name="sun.cpu.endian" value="little"/>
    <property name="user.home" value="C:\Users\blackwhissh"/>
    <property name="user.language" value="en"/>
    <property name="java.specification.vendor" value="Oracle Corporation"/>
    <property name="java.version.date" value="2023-01-17"/>
    <property name="java.home" value="D:\jdk-19.0.2"/>
    <property name="file.separator" value="\"/>
    <property name="basedir" value="C:\Users\blackwhissh\Desktop\epam\sorting-app-project"/>
    <property name="java.vm.compressedOopsMode" value="Zero based"/>
    <property name="line.separator" value="&#10;"/>
    <property name="java.vm.specification.vendor" value="Oracle Corporation"/>
    <property name="java.specification.name" value="Java Platform API Specification"/>
    <property name="surefire.real.class.path" value="C:\Users\BLACKW~1\AppData\Local\Temp\surefire13358077733167998752\surefirebooter6759558695061659034.jar"/>
    <property name="user.script" value=""/>
    <property name="sun.management.compiler" value="HotSpot 64-Bit Tiered Compilers"/>
    <property name="java.runtime.version" value="19.0.2+7-44"/>
    <property name="user.name" value="blackwhissh"/>
    <property name="stdout.encoding" value="Cp1252"/>
    <property name="path.separator" value=";"/>
    <property name="os.version" value="10.0"/>
    <property name="java.runtime.name" value="Java(TM) SE Runtime Environment"/>
    <property name="file.encoding" value="UTF-8"/>
    <property name="java.vm.name" value="Java HotSpot(TM) 64-Bit Server VM"/>
    <property name="localRepository" value="C:\Users\blackwhissh\.m2\repository"/>
    <property name="java.vendor.url.bug" value="https://bugreport.java.com/bugreport/"/>
    <property name="java.io.tmpdir" value="C:\Users\BLACKW~1\AppData\Local\Temp\"/>
    <property name="java.version" value="19.0.2"/>
    <property name="user.dir" value="C:\Users\blackwhissh\Desktop\epam\sorting-app-project"/>
    <property name="os.arch" value="amd64"/>
    <property name="java.vm.specification.name" value="Java Virtual Machine Specification"/>
    <property name="sun.os.patch.level" value=""/>
    <property name="native.encoding" value="Cp1252"/>
    <property name="java.library.path" value="D:\jdk-19.0.2\bin;C:\Windows\Sun\Java\bin;C:\Windows\system32;C:\Windows;C:\Program Files (x86)\VMware\VMware Workstation\bin\;C:\Windows\system32;C:\Windows;C:\Windows\System32\Wbem;C:\Windows\System32\WindowsPowerShell\v1.0\;C:\Windows\System32\OpenSSH\;C:\Program Files (x86)\NVIDIA Corporation\PhysX\Common;C:\Program Files\dotnet\;C:\Program Files\nodejs\;C:\Program Files\Docker\Docker\resources\bin;C:\Program Files\Git\cmd;C:\Program Files\Git\mingw64\bin;C:\Program Files\Git\usr\bin;D:\apache-maven-3.9.2\bin;C:\Users\blackwhissh\AppData\Local\Programs\Python\Python311\Scripts\;C:\Users\blackwhissh\AppData\Local\Programs\Python\Python311\;C:\Users\blackwhissh\AppData\Local\Microsoft\WindowsApps;D:\jdk-19.0.2\bin;;D:\IntelliJ IDEA\IntelliJ IDEA Community Edition 2022.3.2\bin;;C:\Users\blackwhissh\AppData\Local\Programs\Microsoft VS Code\bin;C:\Users\blackwhissh\.dotnet\tools;C:\Users\blackwhissh\AppData\Roaming\npm;."/>
    <property name="java.vm.info" value="mixed mode, sharing"/>
    <property name="stderr.encoding" value="Cp1252"/>
    <property name="java.vendor" value="Oracle Corporation"/>
    <property name="java.vm.version" value="19.0.2+7-44"/>
    <property name="sun.io.unicode.encoding" value="UnicodeLittle"/>
    <property name="java.class.version" value="63.0"/>
  </properties>
  <testcase name="testSortingAppWithEmptyArray" classname="com.blackwhissh.app.SortingAppTest" time="0.039"/>
  <testcase name="testSortingApp{String, String}[1]" classname="com.blackwhissh.app.SortingAppTest" time="0.09"/>
  <testcase name="testSortingApp{String, String}[2]" classname="com.blackwhissh.app.SortingAppTest" time="0.005"/>
  <testcase name="testSortingApp{String, String}[3]" classname="com.blackwhissh.app.SortingAppTest" time="0.005"/>
  <testcase name="testSortingAppWithAlreadySortedArray{String, String}[1]" classname="com.blackwhissh.app.SortingAppTest" time="0.006"/>
  <testcase name="testSortingAppWithAlreadySortedArray{String, String}[2]" classname="com.blackwhissh.app.SortingAppTest" time="0.005"/>
  <testcase name="testSortingAppWithAlreadySortedArray{String, String}[3]" classname="com.blackwhissh.app.SortingAppTest" time="0.005"/>
  <testcase name="testSortingAppWithDoubleValues{String, String}[1]" classname="com.blackwhissh.app.SortingAppTest" time="0.007"/>
  <testcase name="testSortingAppWithSingleElementArray{String, String}[1]" classname="com.blackwhissh.app.SortingAppTest" time="0.006"/>
  <testcase name="testSortingAppWithSingleElementArray{String, String}[2]" classname="com.blackwhissh.app.SortingAppTest" time="0.005"/>
  <testcase name="testSortingAppWithSingleElementArray{String, String}[3]" classname="com.blackwhissh.app.SortingAppTest" time="0.003"/>
  <testcase name="testSortingAppWithSingleElementArray{String, String}[4]" classname="com.blackwhissh.app.SortingAppTest" time="0.004"/>
  <testcase name="testSortingAppWithSingleElementArray{String, String}[5]" classname="com.blackwhissh.app.SortingAppTest" time="0.005"/>
  <testcase name="testSortingAppWithSingleElementArray{String, String}[6]" classname="com.blackwhissh.app.SortingAppTest" time="0.005"/>
  <testcase name="testSortingAppWithSingleElementArray{String, String}[7]" classname="com.blackwhissh.app.SortingAppTest" time="0.003"/>
  <testcase name="testSortingAppWithAllSameValues{String, String}[1]" classname="com.blackwhissh.app.SortingAppTest" time="0.007"/>
  <testcase name="testSortingAppWithAllSameValues{String, String}[2]" classname="com.blackwhissh.app.SortingAppTest" time="0.004"/>
  <testcase name="testSortingAppWithAllSameValues{String, String}[3]" classname="com.blackwhissh.app.SortingAppTest" time="0.005"/>
  <testcase name="testSortingAppWithHalfSortedArray{String, String}[1]" classname="com.blackwhissh.app.SortingAppTest" time="0.006"/>
  <testcase name="testSortingAppWithDescendingOrderArray{String, String}[1]" classname="com.blackwhissh.app.SortingAppTest" time="0.004"/>
  <testcase name="testSortingAppWithDescendingOrderArray{String, String}[2]" classname="com.blackwhissh.app.SortingAppTest" time="0.004"/>
  <testcase name="testSortingAppWithDuplicateElements{String, String}[1]" classname="com.blackwhissh.app.SortingAppTest" time="0.005"/>
  <testcase name="testSortingAppWithDuplicateElements{String, String}[2]" classname="com.blackwhissh.app.SortingAppTest" time="0.005"/>
  <testcase name="testSortingAppArrayWithNegativeValues{String, String}[1]" classname="com.blackwhissh.app.SortingAppTest" time="0.004"/>
  <testcase name="testSortingAppArrayWithNegativeValues{String, String}[2]" classname="com.blackwhissh.app.SortingAppTest" time="0.006"/>
</testsuite>